<?xml version="1.0" encoding="UTF-8"?>
<!-- Generated by org.testng.reporters.JUnitXMLReporter -->
<testsuite ignored="0" hostname="DESKTOP-66BAJ88" failures="0" tests="3" name="Default test" time="0.578" errors="0" timestamp="2023-09-16T17:39:43 IST">
  <testcase classname="testcases.LoginModule" name="enterPassword" time="0.218"/>
  <testcase classname="testcases.LoginModule" name="enterUsername" time="0.228"/>
  <testcase classname="testcases.LoginModule" name="testcase3" time="0.005"/>
</testsuite> <!-- Default test -->
